<?xml version="1.0" encoding="UTF-8"?>
<!-- Generated by org.testng.reporters.JUnitXMLReporter -->
<testsuite hostname="acer-PC" ignored="1" name="Default test" tests="5" failures="0" timestamp="14 Apr 2018 07:15:09 GMT" time="0.099" errors="0">
  <testcase name="test1" time="0.006" classname="com.testng.TestNGPract2"/>
  <testcase name="test2" time="0.001" classname="com.testng.TestNGPract2"/>
  <testcase name="testTitle1" time="0.003" classname="com.testng.TestNGPract2"/>
  <testcase name="testTitle2" time="0.009" classname="com.testng.TestNGPract2"/>
  <testcase name="testTitle3" time="0.002" classname="com.testng.TestNGPract2"/>
  <testcase name="imageTest" time="0.0" classname="com.testng.TestNGPract2">
    <ignored/>
  </testcase> <!-- imageTest -->
</testsuite> <!-- Default test -->
