<?xml version="1.0" encoding="UTF-8"?>
<testng-results skipped="0" failed="0" ignored="0" total="1" passed="1">
  <reporter-output>
  </reporter-output>
  <suite name="Google Search Test" duration-ms="60768" started-at="2018-07-01T11:15:02Z" finished-at="2018-07-01T11:16:02Z">
    <groups>
    </groups>
    <test name="Google Search Field Test" duration-ms="60768" started-at="2018-07-01T11:15:02Z" finished-at="2018-07-01T11:16:02Z">
      <class name="com.parameters.GoogleSearchTest">
        <test-method status="PASS" signature="googleTestSearch(java.lang.String, java.lang.String, java.lang.String)[pri:0, instance:com.parameters.GoogleSearchTest@2f8f11]" name="googleTestSearch" duration-ms="60737" started-at="2018-07-01T11:15:02Z" finished-at="2018-07-01T11:16:02Z">
          <params>
            <param index="0">
              <value>
                <![CDATA[firefox]]>
              </value>
            </param>
            <param index="1">
              <value>
                <![CDATA[https://google.com]]>
              </value>
            </param>
            <param index="2">
              <value>
                <![CDATA[Selenium WebDriver]]>
              </value>
            </param>
          </params>
          <reporter-output>
          </reporter-output>
        </test-method> <!-- googleTestSearch -->
      </class> <!-- com.parameters.GoogleSearchTest -->
    </test> <!-- Google Search Field Test -->
  </suite> <!-- Google Search Test -->
</testng-results>
