<?xml version="1.0" encoding="UTF-8"?>
<testng-results skipped="0" failed="0" ignored="1" total="6" passed="5">
  <reporter-output>
  </reporter-output>
  <suite name="Default suite" duration-ms="99" started-at="2018-04-14T07:15:09Z" finished-at="2018-04-14T07:15:09Z">
    <groups>
      <group name="Test Group">
        <method signature="TestNGPract2.test1()[pri:1, instance:com.testng.TestNGPract2@23a2f9]" name="test1" class="com.testng.TestNGPract2"/>
        <method signature="TestNGPract2.test2()[pri:2, instance:com.testng.TestNGPract2@23a2f9]" name="test2" class="com.testng.TestNGPract2"/>
      </group> <!-- Test Group -->
      <group name="Title Group">
        <method signature="TestNGPract2.testTitle1()[pri:3, instance:com.testng.TestNGPract2@23a2f9]" name="testTitle1" class="com.testng.TestNGPract2"/>
        <method signature="TestNGPract2.testTitle2()[pri:4, instance:com.testng.TestNGPract2@23a2f9]" name="testTitle2" class="com.testng.TestNGPract2"/>
        <method signature="TestNGPract2.testTitle3()[pri:5, instance:com.testng.TestNGPract2@23a2f9]" name="testTitle3" class="com.testng.TestNGPract2"/>
      </group> <!-- Title Group -->
    </groups>
    <test name="Default test" duration-ms="99" started-at="2018-04-14T07:15:09Z" finished-at="2018-04-14T07:15:09Z">
      <class name="com.testng.TestNGPract2">
        <test-method status="PASS" signature="setUp()[pri:0, instance:com.testng.TestNGPract2@23a2f9]" name="setUp" is-config="true" duration-ms="23" started-at="2018-04-14T07:15:09Z" finished-at="2018-04-14T07:15:09Z">
          <reporter-output>
          </reporter-output>
        </test-method> <!-- setUp -->
        <test-method status="PASS" signature="login()[pri:0, instance:com.testng.TestNGPract2@23a2f9]" name="login" is-config="true" duration-ms="1" started-at="2018-04-14T07:15:09Z" finished-at="2018-04-14T07:15:09Z">
          <reporter-output>
          </reporter-output>
        </test-method> <!-- login -->
        <test-method status="PASS" signature="test1()[pri:1, instance:com.testng.TestNGPract2@23a2f9]" name="test1" duration-ms="6" started-at="2018-04-14T07:15:09Z" finished-at="2018-04-14T07:15:09Z">
          <reporter-output>
          </reporter-output>
        </test-method> <!-- test1 -->
        <test-method status="PASS" signature="logout()[pri:0, instance:com.testng.TestNGPract2@23a2f9]" name="logout" is-config="true" duration-ms="1" started-at="2018-04-14T07:15:09Z" finished-at="2018-04-14T07:15:09Z">
          <reporter-output>
          </reporter-output>
        </test-method> <!-- logout -->
        <test-method status="PASS" signature="login()[pri:0, instance:com.testng.TestNGPract2@23a2f9]" name="login" is-config="true" duration-ms="1" started-at="2018-04-14T07:15:09Z" finished-at="2018-04-14T07:15:09Z">
          <reporter-output>
          </reporter-output>
        </test-method> <!-- login -->
        <test-method status="PASS" signature="test2()[pri:2, instance:com.testng.TestNGPract2@23a2f9]" name="test2" duration-ms="1" started-at="2018-04-14T07:15:09Z" finished-at="2018-04-14T07:15:09Z">
          <reporter-output>
          </reporter-output>
        </test-method> <!-- test2 -->
        <test-method status="PASS" signature="logout()[pri:0, instance:com.testng.TestNGPract2@23a2f9]" name="logout" is-config="true" duration-ms="0" started-at="2018-04-14T07:15:09Z" finished-at="2018-04-14T07:15:09Z">
          <reporter-output>
          </reporter-output>
        </test-method> <!-- logout -->
        <test-method status="PASS" signature="testTitle1()[pri:3, instance:com.testng.TestNGPract2@23a2f9]" name="testTitle1" duration-ms="3" started-at="2018-04-14T07:15:09Z" finished-at="2018-04-14T07:15:09Z">
          <reporter-output>
          </reporter-output>
        </test-method> <!-- testTitle1 -->
        <test-method status="PASS" signature="login()[pri:0, instance:com.testng.TestNGPract2@23a2f9]" name="login" is-config="true" duration-ms="0" started-at="2018-04-14T07:15:09Z" finished-at="2018-04-14T07:15:09Z">
          <reporter-output>
          </reporter-output>
        </test-method> <!-- login -->
        <test-method status="PASS" signature="logout()[pri:0, instance:com.testng.TestNGPract2@23a2f9]" name="logout" is-config="true" duration-ms="0" started-at="2018-04-14T07:15:09Z" finished-at="2018-04-14T07:15:09Z">
          <reporter-output>
          </reporter-output>
        </test-method> <!-- logout -->
        <test-method status="PASS" signature="login()[pri:0, instance:com.testng.TestNGPract2@23a2f9]" name="login" is-config="true" duration-ms="1" started-at="2018-04-14T07:15:09Z" finished-at="2018-04-14T07:15:09Z">
          <reporter-output>
          </reporter-output>
        </test-method> <!-- login -->
        <test-method status="PASS" signature="testTitle2()[pri:4, instance:com.testng.TestNGPract2@23a2f9]" name="testTitle2" duration-ms="9" started-at="2018-04-14T07:15:09Z" finished-at="2018-04-14T07:15:09Z">
          <reporter-output>
          </reporter-output>
        </test-method> <!-- testTitle2 -->
        <test-method status="PASS" signature="logout()[pri:0, instance:com.testng.TestNGPract2@23a2f9]" name="logout" is-config="true" duration-ms="1" started-at="2018-04-14T07:15:09Z" finished-at="2018-04-14T07:15:09Z">
          <reporter-output>
          </reporter-output>
        </test-method> <!-- logout -->
        <test-method status="PASS" signature="testTitle3()[pri:5, instance:com.testng.TestNGPract2@23a2f9]" name="testTitle3" duration-ms="2" started-at="2018-04-14T07:15:09Z" finished-at="2018-04-14T07:15:09Z">
          <reporter-output>
          </reporter-output>
        </test-method> <!-- testTitle3 -->
        <test-method status="PASS" signature="login()[pri:0, instance:com.testng.TestNGPract2@23a2f9]" name="login" is-config="true" duration-ms="0" started-at="2018-04-14T07:15:09Z" finished-at="2018-04-14T07:15:09Z">
          <reporter-output>
          </reporter-output>
        </test-method> <!-- login -->
        <test-method status="PASS" signature="logout()[pri:0, instance:com.testng.TestNGPract2@23a2f9]" name="logout" is-config="true" duration-ms="1" started-at="2018-04-14T07:15:09Z" finished-at="2018-04-14T07:15:09Z">
          <reporter-output>
          </reporter-output>
        </test-method> <!-- logout -->
        <test-method status="PASS" signature="tearDown()[pri:0, instance:com.testng.TestNGPract2@23a2f9]" name="tearDown" is-config="true" duration-ms="0" started-at="2018-04-14T07:15:09Z" finished-at="2018-04-14T07:15:09Z">
          <reporter-output>
          </reporter-output>
        </test-method> <!-- tearDown -->
      </class> <!-- com.testng.TestNGPract2 -->
    </test> <!-- Default test -->
  </suite> <!-- Default suite -->
</testng-results>
