<?xml version="1.0" encoding="UTF-8"?>
<!-- Generated by org.testng.reporters.JUnitReportReporter -->
<testsuite skipped="0" hostname="acer-PC" name="com.testng.googleTitleTest" tests="3" failures="0" timestamp="13 Apr 2018 08:49:21 GMT" time="92.090" errors="0">
  <testcase name="googleTitleTtest" time="42.154" classname="com.testng.googleTitleTest"/>
  <testcase name="googleSearchButtonTest" time="26.812" classname="com.testng.googleTitleTest"/>
  <testcase name="googleImageTest" time="23.124" classname="com.testng.googleTitleTest"/>
</testsuite> <!-- com.testng.googleTitleTest -->
