<?xml version="1.0" encoding="UTF-8"?>
<!-- Generated by org.testng.reporters.JUnitReportReporter -->
<testsuite skipped="0" hostname="acer-PC" name="com.testng.TestNGPract" tests="3" failures="0" timestamp="14 Apr 2018 07:05:53 GMT" time="0.020" errors="0">
  <testcase name="editCustomer" time="0.007" classname="com.testng.TestNGPract"/>
  <testcase name="deleteCustomer" time="0.005" classname="com.testng.TestNGPract"/>
  <testcase name="createCustomer" time="0.008" classname="com.testng.TestNGPract"/>
</testsuite> <!-- com.testng.TestNGPract -->
