<?xml version="1.0" encoding="UTF-8"?>
<!-- Generated by org.testng.reporters.JUnitReportReporter -->
<testsuite skipped="0" hostname="acer-PC" name="com.testng.InvocationCountTestNG" tests="10" failures="0" timestamp="01 Jul 2018 10:06:11 GMT" time="0.260" errors="0">
  <testcase name="sum" time="0.001" classname="com.testng.InvocationCountTestNG"/>
  <testcase name="sum" time="0.241" classname="com.testng.InvocationCountTestNG"/>
  <testcase name="sum" time="0.002" classname="com.testng.InvocationCountTestNG"/>
  <testcase name="sum" time="0.003" classname="com.testng.InvocationCountTestNG"/>
  <testcase name="sum" time="0.003" classname="com.testng.InvocationCountTestNG"/>
  <testcase name="sum" time="0.001" classname="com.testng.InvocationCountTestNG"/>
  <testcase name="sum" time="0.002" classname="com.testng.InvocationCountTestNG"/>
  <testcase name="sum" time="0.003" classname="com.testng.InvocationCountTestNG"/>
  <testcase name="sum" time="0.003" classname="com.testng.InvocationCountTestNG"/>
  <testcase name="sum" time="0.001" classname="com.testng.InvocationCountTestNG"/>
</testsuite> <!-- com.testng.InvocationCountTestNG -->
