<?xml version="1.0" encoding="UTF-8"?>
<!-- Generated by org.testng.reporters.JUnitReportReporter -->
<testsuite skipped="1" hostname="acer-PC" name="com.testng.TestNGPract2" tests="6" failures="0" timestamp="14 Apr 2018 07:15:09 GMT" time="0.027" errors="0">
  <testcase name="test1" time="0.007" classname="com.testng.TestNGPract2"/>
  <testcase name="test2" time="0.001" classname="com.testng.TestNGPract2"/>
  <testcase name="testTitle1" time="0.005" classname="com.testng.TestNGPract2"/>
  <testcase name="testTitle2" time="0.010" classname="com.testng.TestNGPract2"/>
  <testcase name="testTitle3" time="0.004" classname="com.testng.TestNGPract2"/>
  <testcase name="imageTest" classname="com.testng.TestNGPract2">
    <skipped/>
  </testcase> <!-- imageTest -->
</testsuite> <!-- com.testng.TestNGPract2 -->
